0 info it worked if it ends with ok
1 verbose cli [ 'c:\\Program Files\\nodejs\\\\node.exe',
1 verbose cli   'c:\\Program Files\\nodejs\\node_modules\\npm\\bin\\npm-cli.js',
1 verbose cli   'link',
1 verbose cli   'ngn-mechanic' ]
2 info using npm@1.1.66
3 info using node@v0.8.15
4 verbose node symlink c:\Program Files\nodejs\\node.exe
5 info c:\Users\Corey\Documents\workspace\ngn\node_modules\ngn-mechanic unbuild
6 verbose read json c:\Users\Corey\Documents\workspace\ngn\node_modules\ngn-mechanic\package.json
7 info preuninstall ngn-mechanic@0.0.1-alpha.1
8 info uninstall ngn-mechanic@0.0.1-alpha.1
9 verbose true,c:\Users\Corey\Documents\workspace\ngn\node_modules,c:\Users\Corey\Documents\workspace\ngn\node_modules unbuild ngn-mechanic@0.0.1-alpha.1
10 info postuninstall ngn-mechanic@0.0.1-alpha.1
11 verbose link symlinking C:\Users\Corey\AppData\Roaming\npm\node_modules\ngn-mechanic to c:\Users\Corey\Documents\workspace\ngn\node_modules\ngn-mechanic
12 info build c:\Users\Corey\Documents\workspace\ngn\node_modules\ngn-mechanic
13 verbose read json c:\Users\Corey\Documents\workspace\ngn\node_modules\ngn-mechanic\package.json
14 error Error: ENOENT, open 'c:\Users\Corey\Documents\workspace\ngn\node_modules\ngn-mechanic\package.json'
15 error If you need help, you may report this log at:
15 error     <http://github.com/isaacs/npm/issues>
15 error or email it to:
15 error     <npm-@googlegroups.com>
16 error System Windows_NT 6.2.9200
17 error command "c:\\Program Files\\nodejs\\\\node.exe" "c:\\Program Files\\nodejs\\node_modules\\npm\\bin\\npm-cli.js" "link" "ngn-mechanic"
18 error cwd c:\Users\Corey\Documents\workspace\ngn\bin\lib
19 error node -v v0.8.15
20 error npm -v 1.1.66
21 error path c:\Users\Corey\Documents\workspace\ngn\node_modules\ngn-mechanic\package.json
22 error code ENOENT
23 error errno 34
24 verbose exit [ 34, true ]
