[2012-12-08 02:42:32.370] [INFO] ngn-manager - Starting Process
[2012-12-08 02:42:32.379] [INFO] ngn-manager - Started as "ngn-manager": pid#11712, forever pid#14768
[2012-12-08 02:42:32.522] [TRACE] ngn-manager - NGN Manager running on port 55555

[2012-12-08 02:43:36.008] [INFO] ngn-manager - Starting Process
[2012-12-08 02:43:36.020] [INFO] ngn-manager - Started as "ngn-manager": pid#13176, forever pid#3368
[2012-12-08 02:43:36.161] [TRACE] ngn-manager - NGN Manager running on port 55555

[2012-12-08 02:44:05.907] [INFO] ngn-manager - Starting Process
[2012-12-08 02:44:05.917] [INFO] ngn-manager - Started as "ngn-manager": pid#14564, forever pid#11404
[2012-12-08 02:44:06.055] [TRACE] ngn-manager - NGN Manager running on port 55555

[2012-12-08 02:44:25.269] [TRACE] ngn-manager - undefined

[2012-12-08 02:44:25.271] [TRACE] ngn-manager - undefined 'undefined:undefined'

[2012-12-08 02:47:47.385] [INFO] ngn-manager - Starting Process
[2012-12-08 02:47:47.395] [INFO] ngn-manager - Started as "ngn-manager": pid#13640, forever pid#4260
[2012-12-08 02:47:47.534] [TRACE] ngn-manager - NGN Manager running on port 55555

[2012-12-08 02:48:05.370] [TRACE] ngn-manager - undefined

[2012-12-08 02:48:05.373] [TRACE] ngn-manager - undefined 'undefined:undefined'

[2012-12-08 02:48:26.538] [INFO] ngn-manager - Starting Process
[2012-12-08 02:48:26.555] [INFO] ngn-manager - Started as "ngn-manager": pid#16020, forever pid#10556
[2012-12-08 02:48:26.692] [TRACE] ngn-manager - NGN Manager running on port 55555

[2012-12-08 02:48:44.342] [TRACE] ngn-manager - undefined

[2012-12-08 02:48:44.345] [TRACE] ngn-manager - undefined 'undefined:undefined'

